<?xml version="1.0" encoding="UTF-8"?>
<!-- Generated by org.testng.reporters.JUnitXMLReporter -->
<testsuite ignored="0" hostname="DESKTOP-S5MMF0I" failures="1" tests="1" name="Test" time="31.675" errors="0" timestamp="2023-01-26T13:34:45 IST">
  <testcase classname="com.kotak.TestCases.KotakHomePageTest" name="TC01_ExplorePoduct" time="31.007">
    <failure type="java.lang.NullPointerException" message="Cannot invoke &amp;quot;org.openqa.selenium.interactions.Actions.moveToElement(org.openqa.selenium.WebElement)&amp;quot; because &amp;quot;this.act&amp;quot; is null">
      <![CDATA[java.lang.NullPointerException: Cannot invoke "org.openqa.selenium.interactions.Actions.moveToElement(org.openqa.selenium.WebElement)" because "this.act" is null
at com.kotak.TestCases.KotakHomePageTest.TC01_ExplorePoduct(KotakHomePageTest.java:49)
at java.base/java.util.ArrayList.forEach(ArrayList.java:1511)
... Removed 27 stack frames]]>
    </failure>
  </testcase> <!-- TC01_ExplorePoduct -->
</testsuite> <!-- Test -->
