<?xml version="1.0" encoding="UTF-8"?>
<testng-results ignored="0" total="1" passed="1" failed="0" skipped="0">
  <reporter-output>
  </reporter-output>
  <suite started-at="2023-01-26T13:42:13 IST" name="Default suite" finished-at="2023-01-26T13:42:43 IST" duration-ms="29579">
    <groups>
    </groups>
    <test started-at="2023-01-26T13:42:13 IST" name="Default test" finished-at="2023-01-26T13:42:43 IST" duration-ms="29579">
      <class name="com.kotak.TestCases.KotakHomePageTest">
        <test-method signature="TC01_ExplorePoduct()[pri:0, instance:com.kotak.TestCases.KotakHomePageTest@a518813]" started-at="2023-01-26T13:42:14 IST" name="TC01_ExplorePoduct" finished-at="2023-01-26T13:42:43 IST" duration-ms="29483" status="PASS">
          <reporter-output>
          </reporter-output>
        </test-method> <!-- TC01_ExplorePoduct -->
      </class> <!-- com.kotak.TestCases.KotakHomePageTest -->
    </test> <!-- Default test -->
  </suite> <!-- Default suite -->
</testng-results>
